0	12:54:38.702	Compiling 'MACD Sample'
0	12:54:38.702	Compiling 'Moving Average'
0	12:54:40.148	Compiling 'Accelerator'
0	12:54:40.148	Compiling 'Accumulation'
0	12:54:40.148	Compiling 'Alligator'
0	12:54:40.148	Compiling 'ATR'
0	12:54:40.148	Compiling 'Awesome'
0	12:54:40.148	Compiling 'Bands'
0	12:54:40.148	Compiling 'Bears'
0	12:54:40.148	Compiling 'Bulls'
0	12:54:40.148	Compiling 'CCI'
0	12:54:40.148	Compiling 'Custom Moving Averages'
0	12:54:40.148	Compiling 'Heiken Ashi'
0	12:54:40.148	Compiling 'Ichimoku'
0	12:54:40.149	Compiling 'iExposure'
0	12:54:40.149	Compiling 'MACD'
0	12:54:40.149	Compiling 'Momentum'
0	12:54:40.149	Compiling 'OsMA'
0	12:54:40.149	Compiling 'Parabolic'
0	12:54:40.149	Compiling 'RSI'
0	12:54:40.149	Compiling 'Stochastic'
0	12:54:40.149	Compiling 'ZigZag'
0	12:54:40.150	Compiling 'SimplePanel'
0	12:54:49.813	Compiling 'PeriodConverter'
0	12:54:49.815	Compiling 'DLLSampleTester'
0	12:54:49.817	Compiling 'PipeClient'
0	12:54:49.817	Compiling 'PipeClientPure'
0	12:54:52.088	Compiling 'stdlib'
